6: 
input
5: 
,
2: 
program
8: 
x
6: 
x
5: 
,
21: 
integer
19: 
:
18: 
:
15: 
var
28: 
a
6: 
a
5: 
,
21: 
integer
39: 
:
37: 
(
35: 
(
32: 
(
21: 
integer
31: 
function
8: 
d
6: 
d
21: 
integer
19: 
:
18: 
:
15: 
var
56: 
b
54: 
b
70: 
=
68: 
=
66: 
=
75: 
=
85: 
0
69: 
gcd
68: 
gcd
66: 
gcd
63: 
gcd
56: 
gcd
54: 
gcd
56: 
a
54: 
a
70: 
:=
68: 
:=
66: 
:=
64: 
:=
44: 
:=
56: 
gcd
54: 
gcd
56: 
b
54: 
b
70: 
:=
68: 
:=
66: 
:=
64: 
:=
44: 
:=
59: 
else
47: 
if
43: 
gcd
56: 
gcd
54: 
gcd
85: 
1
69: 
:=
68: 
:=
66: 
:=
64: 
:=
44: 
:=
42: 
;
56: 
d
54: 
d
56: 
gcd
54: 
gcd
70: 
:=
68: 
:=
66: 
:=
64: 
:=
44: 
:=
42: 
;
51: 
;
42: 
;
41: 
begin
40: 
;
29: 
;
27: 
;
56: 
x
54: 
x
53: 
y
56: 
y
54: 
y
52: 
,
49: 
read
43: 
x
56: 
x
54: 
x
70: 
y
68: 
y
66: 
y
64: 
y
62: 
y
56: 
y
54: 
y
70: 
,
68: 
,
66: 
,
64: 
,
61: 
,
71: 
gcd
68: 
write
66: 
write
64: 
write
62: 
write
50: 
write
42: 
;
41: 
begin
4: 
;
1: 
;
0: 
75 75
Token use out.
